CRITICAL - 2022-06-17 07:29:45 --> Invalid file: artikel/form_edit.php
in SYSTEMPATH\Exceptions\FrameworkException.php on line 33.
 1 SYSTEMPATH\View\View.php(201): CodeIgniter\Exceptions\FrameworkException::forInvalidFile('artikel/form_edit.php')
 2 SYSTEMPATH\Common.php(1135): CodeIgniter\View\View->render('artikel/form_edit', [], true)
 3 APPPATH\Controllers\Artikel.php(89): view('artikel/form_edit', [...])
 4 SYSTEMPATH\CodeIgniter.php(898): App\Controllers\Artikel->edit('5')
 5 SYSTEMPATH\CodeIgniter.php(468): CodeIgniter\CodeIgniter->runController(Object(App\Controllers\Artikel))
 6 SYSTEMPATH\CodeIgniter.php(351): CodeIgniter\CodeIgniter->handleRequest(null, Object(Config\Cache), false)
 7 FCPATH\index.php(55): CodeIgniter\CodeIgniter->run()
 8 SYSTEMPATH\Commands\Server\rewrite.php(43): require_once('FCPATH\\index.php')
CRITICAL - 2022-06-17 07:33:33 --> Invalid file: artikel/form_edit.php
in SYSTEMPATH\Exceptions\FrameworkException.php on line 33.
 1 SYSTEMPATH\View\View.php(201): CodeIgniter\Exceptions\FrameworkException::forInvalidFile('artikel/form_edit.php')
 2 SYSTEMPATH\Common.php(1135): CodeIgniter\View\View->render('artikel/form_edit', [], true)
 3 APPPATH\Controllers\Artikel.php(89): view('artikel/form_edit', [...])
 4 SYSTEMPATH\CodeIgniter.php(898): App\Controllers\Artikel->edit('5')
 5 SYSTEMPATH\CodeIgniter.php(468): CodeIgniter\CodeIgniter->runController(Object(App\Controllers\Artikel))
 6 SYSTEMPATH\CodeIgniter.php(351): CodeIgniter\CodeIgniter->handleRequest(null, Object(Config\Cache), false)
 7 FCPATH\index.php(55): CodeIgniter\CodeIgniter->run()
 8 SYSTEMPATH\Commands\Server\rewrite.php(43): require_once('FCPATH\\index.php')
CRITICAL - 2022-06-17 07:33:49 --> Invalid file: artikel/form_edit.php
in SYSTEMPATH\Exceptions\FrameworkException.php on line 33.
 1 SYSTEMPATH\View\View.php(201): CodeIgniter\Exceptions\FrameworkException::forInvalidFile('artikel/form_edit.php')
 2 SYSTEMPATH\Common.php(1135): CodeIgniter\View\View->render('artikel/form_edit', [], true)
 3 APPPATH\Controllers\Artikel.php(89): view('artikel/form_edit', [...])
 4 SYSTEMPATH\CodeIgniter.php(898): App\Controllers\Artikel->edit('5')
 5 SYSTEMPATH\CodeIgniter.php(468): CodeIgniter\CodeIgniter->runController(Object(App\Controllers\Artikel))
 6 SYSTEMPATH\CodeIgniter.php(351): CodeIgniter\CodeIgniter->handleRequest(null, Object(Config\Cache), false)
 7 FCPATH\index.php(55): CodeIgniter\CodeIgniter->run()
 8 SYSTEMPATH\Commands\Server\rewrite.php(43): require_once('FCPATH\\index.php')
CRITICAL - 2022-06-17 07:33:53 --> Invalid file: artikel/form_edit.php
in SYSTEMPATH\Exceptions\FrameworkException.php on line 33.
 1 SYSTEMPATH\View\View.php(201): CodeIgniter\Exceptions\FrameworkException::forInvalidFile('artikel/form_edit.php')
 2 SYSTEMPATH\Common.php(1135): CodeIgniter\View\View->render('artikel/form_edit', [], true)
 3 APPPATH\Controllers\Artikel.php(89): view('artikel/form_edit', [...])
 4 SYSTEMPATH\CodeIgniter.php(898): App\Controllers\Artikel->edit('5')
 5 SYSTEMPATH\CodeIgniter.php(468): CodeIgniter\CodeIgniter->runController(Object(App\Controllers\Artikel))
 6 SYSTEMPATH\CodeIgniter.php(351): CodeIgniter\CodeIgniter->handleRequest(null, Object(Config\Cache), false)
 7 FCPATH\index.php(55): CodeIgniter\CodeIgniter->run()
 8 SYSTEMPATH\Commands\Server\rewrite.php(43): require_once('FCPATH\\index.php')
CRITICAL - 2022-06-17 07:34:10 --> Invalid file: artikel/form_edit.php
in SYSTEMPATH\Exceptions\FrameworkException.php on line 33.
 1 SYSTEMPATH\View\View.php(201): CodeIgniter\Exceptions\FrameworkException::forInvalidFile('artikel/form_edit.php')
 2 SYSTEMPATH\Common.php(1135): CodeIgniter\View\View->render('artikel/form_edit', [], true)
 3 APPPATH\Controllers\Artikel.php(89): view('artikel/form_edit', [...])
 4 SYSTEMPATH\CodeIgniter.php(898): App\Controllers\Artikel->edit('5')
 5 SYSTEMPATH\CodeIgniter.php(468): CodeIgniter\CodeIgniter->runController(Object(App\Controllers\Artikel))
 6 SYSTEMPATH\CodeIgniter.php(351): CodeIgniter\CodeIgniter->handleRequest(null, Object(Config\Cache), false)
 7 FCPATH\index.php(55): CodeIgniter\CodeIgniter->run()
 8 SYSTEMPATH\Commands\Server\rewrite.php(43): require_once('FCPATH\\index.php')
CRITICAL - 2022-06-17 07:34:14 --> Invalid file: artikel/form_edit.php
in SYSTEMPATH\Exceptions\FrameworkException.php on line 33.
 1 SYSTEMPATH\View\View.php(201): CodeIgniter\Exceptions\FrameworkException::forInvalidFile('artikel/form_edit.php')
 2 SYSTEMPATH\Common.php(1135): CodeIgniter\View\View->render('artikel/form_edit', [], true)
 3 APPPATH\Controllers\Artikel.php(89): view('artikel/form_edit', [...])
 4 SYSTEMPATH\CodeIgniter.php(898): App\Controllers\Artikel->edit('5')
 5 SYSTEMPATH\CodeIgniter.php(468): CodeIgniter\CodeIgniter->runController(Object(App\Controllers\Artikel))
 6 SYSTEMPATH\CodeIgniter.php(351): CodeIgniter\CodeIgniter->handleRequest(null, Object(Config\Cache), false)
 7 FCPATH\index.php(55): CodeIgniter\CodeIgniter->run()
 8 SYSTEMPATH\Commands\Server\rewrite.php(43): require_once('FCPATH\\index.php')
CRITICAL - 2022-06-17 07:35:48 --> Invalid file: artikel/form_edit.php
in SYSTEMPATH\Exceptions\FrameworkException.php on line 33.
 1 SYSTEMPATH\View\View.php(201): CodeIgniter\Exceptions\FrameworkException::forInvalidFile('artikel/form_edit.php')
 2 SYSTEMPATH\Common.php(1135): CodeIgniter\View\View->render('artikel/form_edit', [], true)
 3 APPPATH\Controllers\Artikel.php(89): view('artikel/form_edit', [...])
 4 SYSTEMPATH\CodeIgniter.php(898): App\Controllers\Artikel->edit('5')
 5 SYSTEMPATH\CodeIgniter.php(468): CodeIgniter\CodeIgniter->runController(Object(App\Controllers\Artikel))
 6 SYSTEMPATH\CodeIgniter.php(351): CodeIgniter\CodeIgniter->handleRequest(null, Object(Config\Cache), false)
 7 FCPATH\index.php(55): CodeIgniter\CodeIgniter->run()
 8 SYSTEMPATH\Commands\Server\rewrite.php(43): require_once('FCPATH\\index.php')
